<?xml version="1.0" encoding="UTF-8"?>
<testsuite xmlns:xsi="http://www.w3.org/2001/XMLSchema-instance" xsi:noNamespaceSchemaLocation="https://maven.apache.org/surefire/maven-surefire-plugin/xsd/surefire-test-report-3.0.xsd" version="3.0" name="CucumberOprions.TestRunner" time="2.438" tests="5" errors="0" skipped="0" failures="0">
  <properties>
[...]
</properties>
  <testcase name="Verify it returns all the videos games in the DB" classname="Validate Video Game API&apos;s" time="1.086">
    <system-out><![CDATA[-------------------------------
/videogames
]]></system-out>
  </testcase>
  <testcase name="Add a new video game to the DB" classname="Validate Video Game API&apos;s" time="0.291">
    <system-out><![CDATA[{
    "status": "Record Added Successfully"
}
]]></system-out>
  </testcase>
  <testcase name="Returns the details of a single game by ID" classname="Validate Video Game API&apos;s" time="0.675">
    <system-out><![CDATA[<videoGame category="Driving" rating="Mature">
  <id>10</id>
  <name>Grand Theft Auto III</name>
  <releaseDate>2001-04-23T00:00:00+05:30</releaseDate>
  <reviewScore>90</reviewScore>
</videoGame>
]]></system-out>
  </testcase>
  <testcase name="Update an existing video game in the DB by specifying a new body" classname="Validate Video Game API&apos;s" time="0.043">
    <system-out><![CDATA[<videoGame category="Puzzle" rating="Universal">
  <id>102</id>
  <name>PacMan1</name>
  <releaseDate>2024-10-07T00:00:00+05:30</releaseDate>
  <reviewScore>64</reviewScore>
</videoGame>
]]></system-out>
  </testcase>
  <testcase name="Deletes a video game from the DB by ID" classname="Validate Video Game API&apos;s" time="0.02">
    <system-out><![CDATA[{"status": "Record Deleted Successfully"}
]]></system-out>
    <system-err><![CDATA[[Fatal Error] :1:1: Content is not allowed in prolog.
]]></system-err>
  </testcase>
</testsuite>